  Assembling SPECIFIC\3D_XOUTA.S...
  body_part.cpp
  bubble.cpp
  chain_block.cpp
  dino_stomp.cpp
  earthquake.cpp
  explosion.cpp
  finish_level.cpp
  flicker.cpp
  flipmap.cpp
  flood.cpp
  lara_effects.cpp
  missile.cpp
  powerup.cpp
  raising_block.cpp
  ricochet.cpp
  sand.cpp
  splash.cpp
  stairs2slope.cpp
  turn_180.cpp
  twinkle.cpp
  waterfall.cpp
  abortion.cpp
  alligator.cpp
  ape.cpp
  baldy.cpp
  bat.cpp
  bear.cpp
  blood.cpp
  boat.cpp
  bridge.cpp
  cabin.cpp
  centaur.cpp
  cog.cpp
  cowboy.cpp
  crocodile.cpp
  dino.cpp
  door.cpp
  gunshot.cpp
  keyhole.cpp
  larson.cpp
  lion.cpp
  misc.cpp
  mummy.cpp
  mutant.cpp
  natla.cpp
  pickup.cpp
  pierre.cpp
  pod.cpp
  puzzle_hole.cpp
  raptor.cpp
  rat.cpp
  scion.cpp
  skate_kid.cpp
  statue.cpp
  switch.cpp
  trapdoor.cpp
  vole.cpp
  wolf.cpp
  3d_gen.cpp
  3D_LINE.CPP
  3D_OUT.CPP
  backbuffer.cpp
  box.cpp
  camera.cpp
  collide.cpp
  control_util.cpp
  draw.cpp
  file.cpp
  game.cpp
  gameflow.cpp
  init.cpp
  input.cpp
  inventry.cpp
  invfunc.cpp
  invvars.cpp
  items.cpp
  lara.cpp
  lara1gun.cpp
  lara2gun.cpp
  larafire.cpp
  laramisc.cpp
  larasurf.cpp
  laraswim.cpp
  lot.cpp
  matrix.cpp
  option.cpp
  option_compass.cpp
  option_control.cpp
  option_graphics.cpp
  option_passport.cpp
  option_sound.cpp
  overlay.cpp
  people.cpp
  phd_math.cpp
  requester.cpp
  savegame.cpp
  SCALESPR.CPP
  screen.cpp
  setup.cpp
  sound.cpp
  sphere.cpp
  text.cpp
  timer.cpp
  vars.cpp
  winmain.cpp
  damocles_sword.cpp
  dart.cpp
  dart_emitter.cpp
  falling_block.cpp
  falling_ceiling.cpp
  flame.cpp
  lava.cpp
  lightning_emitter.cpp
  midas_touch.cpp
  movable_block.cpp
  pendulum.cpp
  rolling_ball.cpp
  rolling_block.cpp
  spikes.cpp
  teeth_trap.cpp
  thors_hammer.cpp
  TOMBRAID.vcxproj -> G:\TR1 tomb raider dev\TOMBRAID_My_VS2005_Decompile_35_VS2019_FORMATTED\Debug\TOMBRAID.exe
