g:\tr1 tomb raider dev\tombraid_my_vs2005_decompile_35_vs2019_formatted\tombraid\debug\vc142.pdb
g:\tr1 tomb raider dev\tombraid_my_vs2005_decompile_35_vs2019_formatted\tombraid\debug\vc142.idb
g:\tr1 tomb raider dev\tombraid_my_vs2005_decompile_35_vs2019_formatted\tombraid\debug\winmain.obj
g:\tr1 tomb raider dev\tombraid_my_vs2005_decompile_35_vs2019_formatted\tombraid\debug\chain_block.obj
g:\tr1 tomb raider dev\tombraid_my_vs2005_decompile_35_vs2019_formatted\tombraid\debug\flicker.obj
g:\tr1 tomb raider dev\tombraid_my_vs2005_decompile_35_vs2019_formatted\tombraid\debug\lara_effects.obj
g:\tr1 tomb raider dev\tombraid_my_vs2005_decompile_35_vs2019_formatted\tombraid\debug\raising_block.obj
g:\tr1 tomb raider dev\tombraid_my_vs2005_decompile_35_vs2019_formatted\tombraid\debug\stairs2slope.obj
g:\tr1 tomb raider dev\tombraid_my_vs2005_decompile_35_vs2019_formatted\tombraid\debug\ape.obj
g:\tr1 tomb raider dev\tombraid_my_vs2005_decompile_35_vs2019_formatted\tombraid\debug\bear.obj
g:\tr1 tomb raider dev\tombraid_my_vs2005_decompile_35_vs2019_formatted\tombraid\debug\cabin.obj
g:\tr1 tomb raider dev\tombraid_my_vs2005_decompile_35_vs2019_formatted\tombraid\debug\crocodile.obj
g:\tr1 tomb raider dev\tombraid_my_vs2005_decompile_35_vs2019_formatted\tombraid\debug\larson.obj
g:\tr1 tomb raider dev\tombraid_my_vs2005_decompile_35_vs2019_formatted\tombraid\debug\pickup.obj
g:\tr1 tomb raider dev\tombraid_my_vs2005_decompile_35_vs2019_formatted\tombraid\debug\raptor.obj
g:\tr1 tomb raider dev\tombraid_my_vs2005_decompile_35_vs2019_formatted\tombraid\debug\statue.obj
g:\tr1 tomb raider dev\tombraid_my_vs2005_decompile_35_vs2019_formatted\tombraid\debug\3d_gen.obj
g:\tr1 tomb raider dev\tombraid_my_vs2005_decompile_35_vs2019_formatted\tombraid\debug\box.obj
g:\tr1 tomb raider dev\tombraid_my_vs2005_decompile_35_vs2019_formatted\tombraid\debug\control_util.obj
g:\tr1 tomb raider dev\tombraid_my_vs2005_decompile_35_vs2019_formatted\tombraid\debug\gameflow.obj
g:\tr1 tomb raider dev\tombraid_my_vs2005_decompile_35_vs2019_formatted\tombraid\debug\invfunc.obj
g:\tr1 tomb raider dev\tombraid_my_vs2005_decompile_35_vs2019_formatted\tombraid\debug\lara1gun.obj
g:\tr1 tomb raider dev\tombraid_my_vs2005_decompile_35_vs2019_formatted\tombraid\debug\larasurf.obj
g:\tr1 tomb raider dev\tombraid_my_vs2005_decompile_35_vs2019_formatted\tombraid\debug\option.obj
g:\tr1 tomb raider dev\tombraid_my_vs2005_decompile_35_vs2019_formatted\tombraid\debug\option_passport.obj
g:\tr1 tomb raider dev\tombraid_my_vs2005_decompile_35_vs2019_formatted\tombraid\debug\requester.obj
g:\tr1 tomb raider dev\tombraid_my_vs2005_decompile_35_vs2019_formatted\tombraid\debug\setup.obj
g:\tr1 tomb raider dev\tombraid_my_vs2005_decompile_35_vs2019_formatted\tombraid\debug\timer.obj
g:\tr1 tomb raider dev\tombraid_my_vs2005_decompile_35_vs2019_formatted\tombraid\debug\dart.obj
g:\tr1 tomb raider dev\tombraid_my_vs2005_decompile_35_vs2019_formatted\tombraid\debug\falling_ceiling.obj
g:\tr1 tomb raider dev\tombraid_my_vs2005_decompile_35_vs2019_formatted\tombraid\debug\midas_touch.obj
g:\tr1 tomb raider dev\tombraid_my_vs2005_decompile_35_vs2019_formatted\tombraid\debug\rolling_block.obj
g:\tr1 tomb raider dev\tombraid_my_vs2005_decompile_35_vs2019_formatted\tombraid\debug\dino_stomp.obj
g:\tr1 tomb raider dev\tombraid_my_vs2005_decompile_35_vs2019_formatted\tombraid\debug\earthquake.obj
g:\tr1 tomb raider dev\tombraid_my_vs2005_decompile_35_vs2019_formatted\tombraid\debug\flood.obj
g:\tr1 tomb raider dev\tombraid_my_vs2005_decompile_35_vs2019_formatted\tombraid\debug\ricochet.obj
g:\tr1 tomb raider dev\tombraid_my_vs2005_decompile_35_vs2019_formatted\tombraid\debug\turn_180.obj
g:\tr1 tomb raider dev\tombraid_my_vs2005_decompile_35_vs2019_formatted\tombraid\debug\abortion.obj
g:\tr1 tomb raider dev\tombraid_my_vs2005_decompile_35_vs2019_formatted\tombraid\debug\bat.obj
g:\tr1 tomb raider dev\tombraid_my_vs2005_decompile_35_vs2019_formatted\tombraid\debug\bridge.obj
g:\tr1 tomb raider dev\tombraid_my_vs2005_decompile_35_vs2019_formatted\tombraid\debug\cowboy.obj
g:\tr1 tomb raider dev\tombraid_my_vs2005_decompile_35_vs2019_formatted\tombraid\debug\door.obj
g:\tr1 tomb raider dev\tombraid_my_vs2005_decompile_35_vs2019_formatted\tombraid\debug\misc.obj
g:\tr1 tomb raider dev\tombraid_my_vs2005_decompile_35_vs2019_formatted\tombraid\debug\mummy.obj
g:\tr1 tomb raider dev\tombraid_my_vs2005_decompile_35_vs2019_formatted\tombraid\debug\pierre.obj
g:\tr1 tomb raider dev\tombraid_my_vs2005_decompile_35_vs2019_formatted\tombraid\debug\rat.obj
g:\tr1 tomb raider dev\tombraid_my_vs2005_decompile_35_vs2019_formatted\tombraid\debug\skate_kid.obj
g:\tr1 tomb raider dev\tombraid_my_vs2005_decompile_35_vs2019_formatted\tombraid\debug\vole.obj
g:\tr1 tomb raider dev\tombraid_my_vs2005_decompile_35_vs2019_formatted\tombraid\debug\backbuffer.obj
g:\tr1 tomb raider dev\tombraid_my_vs2005_decompile_35_vs2019_formatted\tombraid\debug\collide.obj
g:\tr1 tomb raider dev\tombraid_my_vs2005_decompile_35_vs2019_formatted\tombraid\debug\game.obj
g:\tr1 tomb raider dev\tombraid_my_vs2005_decompile_35_vs2019_formatted\tombraid\debug\inventry.obj
g:\tr1 tomb raider dev\tombraid_my_vs2005_decompile_35_vs2019_formatted\tombraid\debug\lara.obj
g:\tr1 tomb raider dev\tombraid_my_vs2005_decompile_35_vs2019_formatted\tombraid\debug\laramisc.obj
g:\tr1 tomb raider dev\tombraid_my_vs2005_decompile_35_vs2019_formatted\tombraid\debug\matrix.obj
g:\tr1 tomb raider dev\tombraid_my_vs2005_decompile_35_vs2019_formatted\tombraid\debug\option_graphics.obj
g:\tr1 tomb raider dev\tombraid_my_vs2005_decompile_35_vs2019_formatted\tombraid\debug\phd_math.obj
g:\tr1 tomb raider dev\tombraid_my_vs2005_decompile_35_vs2019_formatted\tombraid\debug\savegame.obj
g:\tr1 tomb raider dev\tombraid_my_vs2005_decompile_35_vs2019_formatted\tombraid\debug\sound.obj
g:\tr1 tomb raider dev\tombraid_my_vs2005_decompile_35_vs2019_formatted\tombraid\debug\vars.obj
g:\tr1 tomb raider dev\tombraid_my_vs2005_decompile_35_vs2019_formatted\tombraid\debug\flame.obj
g:\tr1 tomb raider dev\tombraid_my_vs2005_decompile_35_vs2019_formatted\tombraid\debug\movable_block.obj
g:\tr1 tomb raider dev\tombraid_my_vs2005_decompile_35_vs2019_formatted\tombraid\debug\spikes.obj
g:\tr1 tomb raider dev\tombraid_my_vs2005_decompile_35_vs2019_formatted\tombraid\debug\bubble.obj
g:\tr1 tomb raider dev\tombraid_my_vs2005_decompile_35_vs2019_formatted\tombraid\debug\explosion.obj
g:\tr1 tomb raider dev\tombraid_my_vs2005_decompile_35_vs2019_formatted\tombraid\debug\missile.obj
g:\tr1 tomb raider dev\tombraid_my_vs2005_decompile_35_vs2019_formatted\tombraid\debug\sand.obj
g:\tr1 tomb raider dev\tombraid_my_vs2005_decompile_35_vs2019_formatted\tombraid\debug\waterfall.obj
g:\tr1 tomb raider dev\tombraid_my_vs2005_decompile_35_vs2019_formatted\tombraid\debug\alligator.obj
g:\tr1 tomb raider dev\tombraid_my_vs2005_decompile_35_vs2019_formatted\tombraid\debug\boat.obj
g:\tr1 tomb raider dev\tombraid_my_vs2005_decompile_35_vs2019_formatted\tombraid\debug\cog.obj
g:\tr1 tomb raider dev\tombraid_my_vs2005_decompile_35_vs2019_formatted\tombraid\debug\dino.obj
g:\tr1 tomb raider dev\tombraid_my_vs2005_decompile_35_vs2019_formatted\tombraid\debug\lion.obj
g:\tr1 tomb raider dev\tombraid_my_vs2005_decompile_35_vs2019_formatted\tombraid\debug\natla.obj
g:\tr1 tomb raider dev\tombraid_my_vs2005_decompile_35_vs2019_formatted\tombraid\debug\puzzle_hole.obj
g:\tr1 tomb raider dev\tombraid_my_vs2005_decompile_35_vs2019_formatted\tombraid\debug\switch.obj
g:\tr1 tomb raider dev\tombraid_my_vs2005_decompile_35_vs2019_formatted\tombraid\debug\wolf.obj
g:\tr1 tomb raider dev\tombraid_my_vs2005_decompile_35_vs2019_formatted\tombraid\debug\3d_out.obj
g:\tr1 tomb raider dev\tombraid_my_vs2005_decompile_35_vs2019_formatted\tombraid\debug\draw.obj
g:\tr1 tomb raider dev\tombraid_my_vs2005_decompile_35_vs2019_formatted\tombraid\debug\init.obj
g:\tr1 tomb raider dev\tombraid_my_vs2005_decompile_35_vs2019_formatted\tombraid\debug\invvars.obj
g:\tr1 tomb raider dev\tombraid_my_vs2005_decompile_35_vs2019_formatted\tombraid\debug\lara2gun.obj
g:\tr1 tomb raider dev\tombraid_my_vs2005_decompile_35_vs2019_formatted\tombraid\debug\laraswim.obj
g:\tr1 tomb raider dev\tombraid_my_vs2005_decompile_35_vs2019_formatted\tombraid\debug\option_compass.obj
g:\tr1 tomb raider dev\tombraid_my_vs2005_decompile_35_vs2019_formatted\tombraid\debug\option_sound.obj
g:\tr1 tomb raider dev\tombraid_my_vs2005_decompile_35_vs2019_formatted\tombraid\debug\scalespr.obj
g:\tr1 tomb raider dev\tombraid_my_vs2005_decompile_35_vs2019_formatted\tombraid\debug\sphere.obj
g:\tr1 tomb raider dev\tombraid_my_vs2005_decompile_35_vs2019_formatted\tombraid\debug\dart_emitter.obj
g:\tr1 tomb raider dev\tombraid_my_vs2005_decompile_35_vs2019_formatted\tombraid\debug\lava.obj
g:\tr1 tomb raider dev\tombraid_my_vs2005_decompile_35_vs2019_formatted\tombraid\debug\pendulum.obj
g:\tr1 tomb raider dev\tombraid_my_vs2005_decompile_35_vs2019_formatted\tombraid\debug\teeth_trap.obj
g:\tr1 tomb raider dev\tombraid_my_vs2005_decompile_35_vs2019_formatted\tombraid\debug\body_part.obj
g:\tr1 tomb raider dev\tombraid_my_vs2005_decompile_35_vs2019_formatted\tombraid\debug\finish_level.obj
g:\tr1 tomb raider dev\tombraid_my_vs2005_decompile_35_vs2019_formatted\tombraid\debug\flipmap.obj
g:\tr1 tomb raider dev\tombraid_my_vs2005_decompile_35_vs2019_formatted\tombraid\debug\powerup.obj
g:\tr1 tomb raider dev\tombraid_my_vs2005_decompile_35_vs2019_formatted\tombraid\debug\splash.obj
g:\tr1 tomb raider dev\tombraid_my_vs2005_decompile_35_vs2019_formatted\tombraid\debug\twinkle.obj
g:\tr1 tomb raider dev\tombraid_my_vs2005_decompile_35_vs2019_formatted\tombraid\debug\baldy.obj
g:\tr1 tomb raider dev\tombraid_my_vs2005_decompile_35_vs2019_formatted\tombraid\debug\blood.obj
g:\tr1 tomb raider dev\tombraid_my_vs2005_decompile_35_vs2019_formatted\tombraid\debug\centaur.obj
g:\tr1 tomb raider dev\tombraid_my_vs2005_decompile_35_vs2019_formatted\tombraid\debug\gunshot.obj
g:\tr1 tomb raider dev\tombraid_my_vs2005_decompile_35_vs2019_formatted\tombraid\debug\keyhole.obj
g:\tr1 tomb raider dev\tombraid_my_vs2005_decompile_35_vs2019_formatted\tombraid\debug\mutant.obj
g:\tr1 tomb raider dev\tombraid_my_vs2005_decompile_35_vs2019_formatted\tombraid\debug\pod.obj
g:\tr1 tomb raider dev\tombraid_my_vs2005_decompile_35_vs2019_formatted\tombraid\debug\scion.obj
g:\tr1 tomb raider dev\tombraid_my_vs2005_decompile_35_vs2019_formatted\tombraid\debug\trapdoor.obj
g:\tr1 tomb raider dev\tombraid_my_vs2005_decompile_35_vs2019_formatted\tombraid\debug\3d_line.obj
g:\tr1 tomb raider dev\tombraid_my_vs2005_decompile_35_vs2019_formatted\tombraid\debug\camera.obj
g:\tr1 tomb raider dev\tombraid_my_vs2005_decompile_35_vs2019_formatted\tombraid\debug\file.obj
g:\tr1 tomb raider dev\tombraid_my_vs2005_decompile_35_vs2019_formatted\tombraid\debug\input.obj
g:\tr1 tomb raider dev\tombraid_my_vs2005_decompile_35_vs2019_formatted\tombraid\debug\items.obj
g:\tr1 tomb raider dev\tombraid_my_vs2005_decompile_35_vs2019_formatted\tombraid\debug\larafire.obj
g:\tr1 tomb raider dev\tombraid_my_vs2005_decompile_35_vs2019_formatted\tombraid\debug\lot.obj
g:\tr1 tomb raider dev\tombraid_my_vs2005_decompile_35_vs2019_formatted\tombraid\debug\option_control.obj
g:\tr1 tomb raider dev\tombraid_my_vs2005_decompile_35_vs2019_formatted\tombraid\debug\overlay.obj
g:\tr1 tomb raider dev\tombraid_my_vs2005_decompile_35_vs2019_formatted\tombraid\debug\people.obj
g:\tr1 tomb raider dev\tombraid_my_vs2005_decompile_35_vs2019_formatted\tombraid\debug\screen.obj
g:\tr1 tomb raider dev\tombraid_my_vs2005_decompile_35_vs2019_formatted\tombraid\debug\text.obj
g:\tr1 tomb raider dev\tombraid_my_vs2005_decompile_35_vs2019_formatted\tombraid\debug\damocles_sword.obj
g:\tr1 tomb raider dev\tombraid_my_vs2005_decompile_35_vs2019_formatted\tombraid\debug\falling_block.obj
g:\tr1 tomb raider dev\tombraid_my_vs2005_decompile_35_vs2019_formatted\tombraid\debug\lightning_emitter.obj
g:\tr1 tomb raider dev\tombraid_my_vs2005_decompile_35_vs2019_formatted\tombraid\debug\rolling_ball.obj
g:\tr1 tomb raider dev\tombraid_my_vs2005_decompile_35_vs2019_formatted\tombraid\debug\thors_hammer.obj
g:\tr1 tomb raider dev\tombraid_my_vs2005_decompile_35_vs2019_formatted\debug\tombraid.exe
g:\tr1 tomb raider dev\tombraid_my_vs2005_decompile_35_vs2019_formatted\debug\tombraid.ilk
g:\tr1 tomb raider dev\tombraid_my_vs2005_decompile_35_vs2019_formatted\debug\tombraid.pdb
g:\tr1 tomb raider dev\tombraid_my_vs2005_decompile_35_vs2019_formatted\tombraid\debug\3d_xouta.obj
g:\tr1 tomb raider dev\tombraid_my_vs2005_decompile_35_vs2019_formatted\tombraid\debug\tombraid.tlog\cl.command.1.tlog
g:\tr1 tomb raider dev\tombraid_my_vs2005_decompile_35_vs2019_formatted\tombraid\debug\tombraid.tlog\cl.read.1.tlog
g:\tr1 tomb raider dev\tombraid_my_vs2005_decompile_35_vs2019_formatted\tombraid\debug\tombraid.tlog\cl.write.1.tlog
g:\tr1 tomb raider dev\tombraid_my_vs2005_decompile_35_vs2019_formatted\tombraid\debug\tombraid.tlog\link.command.1.tlog
g:\tr1 tomb raider dev\tombraid_my_vs2005_decompile_35_vs2019_formatted\tombraid\debug\tombraid.tlog\link.read.1.tlog
g:\tr1 tomb raider dev\tombraid_my_vs2005_decompile_35_vs2019_formatted\tombraid\debug\tombraid.tlog\link.write.1.tlog
g:\tr1 tomb raider dev\tombraid_my_vs2005_decompile_35_vs2019_formatted\tombraid\debug\tombraid.tlog\masm.read.1u.tlog
g:\tr1 tomb raider dev\tombraid_my_vs2005_decompile_35_vs2019_formatted\tombraid\debug\tombraid.tlog\masm.write.1u.tlog
